# JRE version: OpenJDK Runtime Environment Microsoft-8552009 (17.0.9+8) (build 17.0.9+8-LTS)
# Java VM: OpenJDK 64-Bit Server VM Microsoft-8552009 (17.0.9+8-LTS, mixed mode, sharing, tiered, compressed oops, compressed class ptrs, g1 gc, windows-amd64)
GC Precious Log:
 CPUs: 12 total, 12 available
 Memory: 15789M
 Large Page Support: Disabled
 NUMA Support: Disabled
 Compressed Oops: Enabled (32-bit)
 Heap Region Size: 1M
 Heap Min Capacity: 8M
 Heap Initial Capacity: 248M
 Heap Max Capacity: 2G
 Pre-touch: Disabled
 Parallel Workers: 10
 Concurrent Workers: 3
 Concurrent Refinement Workers: 10
 Periodic GC: Disabled
Heap:
 garbage-first heap   total 167936K, used 134265K [0x0000000080000000, 0x0000000100000000)
  region size 1024K, 46 young (47104K), 5 survivors (5120K)
 Metaspace       used 85918K, committed 86656K, reserved 557056K
  class space    used 11829K, committed 12160K, reserved 425984K
GC Heap History (20 events):
Event: 18.700 GC heap before
{Heap before GC invocations=22 (full 0):
 garbage-first heap   total 109568K, used 83426K [0x0000000080000000, 0x0000000100000000)
  region size 1024K, 24 young (24576K), 2 survivors (2048K)
 Metaspace       used 61603K, committed 62208K, reserved 491520K
  class space    used 8551K, committed 8832K, reserved 425984K
}
Event: 18.702 GC heap after
{Heap after GC invocations=23 (full 0):
 garbage-first heap   total 109568K, used 62926K [0x0000000080000000, 0x0000000100000000)
  region size 1024K, 3 young (3072K), 3 survivors (3072K)
 Metaspace       used 61603K, committed 62208K, reserved 491520K
  class space    used 8551K, committed 8832K, reserved 425984K
}
Event: 18.736 GC heap before
{Heap before GC invocations=23 (full 0):
 garbage-first heap   total 109568K, used 64974K [0x0000000080000000, 0x0000000100000000)
  region size 1024K, 5 young (5120K), 3 survivors (3072K)
 Metaspace       used 61776K, committed 62464K, reserved 491520K
  class space    used 8578K, committed 8896K, reserved 425984K
}
Event: 18.738 GC heap after
{Heap after GC invocations=24 (full 0):
 garbage-first heap   total 109568K, used 62293K [0x0000000080000000, 0x0000000100000000)
  region size 1024K, 1 young (1024K), 1 survivors (1024K)
 Metaspace       used 61776K, committed 62464K, reserved 491520K
  class space    used 8578K, committed 8896K, reserved 425984K
}
Event: 19.077 GC heap before
{Heap before GC invocations=24 (full 0):
 garbage-first heap   total 109568K, used 88917K [0x0000000080000000, 0x0000000100000000)
  region size 1024K, 27 young (27648K), 1 survivors (1024K)
 Metaspace       used 64207K, committed 64896K, reserved 491520K
  class space    used 8924K, committed 9216K, reserved 425984K
}
Event: 19.079 GC heap after
{Heap after GC invocations=25 (full 0):
 garbage-first heap   total 167936K, used 63154K [0x0000000080000000, 0x0000000100000000)
  region size 1024K, 2 young (2048K), 2 survivors (2048K)
 Metaspace       used 64207K, committed 64896K, reserved 491520K
  class space    used 8924K, committed 9216K, reserved 425984K
}
Event: 19.882 GC heap before
{Heap before GC invocations=26 (full 0):
 garbage-first heap   total 167936K, used 124594K [0x0000000080000000, 0x0000000100000000)
  region size 1024K, 63 young (64512K), 2 survivors (2048K)
 Metaspace       used 68861K, committed 69568K, reserved 491520K
  class space    used 9571K, committed 9856K, reserved 425984K
}
Event: 19.886 GC heap after
{Heap after GC invocations=27 (full 0):
 garbage-first heap   total 167936K, used 66752K [0x0000000080000000, 0x0000000100000000)
  region size 1024K, 5 young (5120K), 5 survivors (5120K)
 Metaspace       used 68861K, committed 69568K, reserved 491520K
  class space    used 9571K, committed 9856K, reserved 425984K
}
Event: 19.921 GC heap before
{Heap before GC invocations=27 (full 0):
 garbage-first heap   total 167936K, used 68800K [0x0000000080000000, 0x0000000100000000)
  region size 1024K, 8 young (8192K), 5 survivors (5120K)
 Metaspace       used 69062K, committed 69696K, reserved 491520K
  class space    used 9599K, committed 9856K, reserved 425984K
}
Event: 19.924 GC heap after
{Heap after GC invocations=28 (full 0):
 garbage-first heap   total 167936K, used 66969K [0x0000000080000000, 0x0000000100000000)
  region size 1024K, 1 young (1024K), 1 survivors (1024K)
 Metaspace       used 69062K, committed 69696K, reserved 491520K
  class space    used 9599K, committed 9856K, reserved 425984K
}
Event: 21.499 GC heap before
{Heap before GC invocations=28 (full 0):
 garbage-first heap   total 167936K, used 127385K [0x0000000080000000, 0x0000000100000000)
  region size 1024K, 61 young (62464K), 1 survivors (1024K)
 Metaspace       used 72807K, committed 73472K, reserved 491520K
  class space    used 10193K, committed 10496K, reserved 425984K
}
Event: 21.504 GC heap after
{Heap after GC invocations=29 (full 0):
 garbage-first heap   total 167936K, used 71872K [0x0000000080000000, 0x0000000100000000)
  region size 1024K, 6 young (6144K), 6 survivors (6144K)
 Metaspace       used 72807K, committed 73472K, reserved 491520K
  class space    used 10193K, committed 10496K, reserved 425984K
}
Event: 22.969 GC heap before
{Heap before GC invocations=29 (full 0):
 garbage-first heap   total 167936K, used 134336K [0x0000000080000000, 0x0000000100000000)
  region size 1024K, 63 young (64512K), 6 survivors (6144K)
 Metaspace       used 75851K, committed 76544K, reserved 557056K
  class space    used 10529K, committed 10816K, reserved 425984K
}
Event: 22.977 GC heap after
{Heap after GC invocations=30 (full 0):
 garbage-first heap   total 167936K, used 84169K [0x0000000080000000, 0x0000000100000000)
  region size 1024K, 8 young (8192K), 8 survivors (8192K)
 Metaspace       used 75851K, committed 76544K, reserved 557056K
  class space    used 10529K, committed 10816K, reserved 425984K
}
Event: 23.573 GC heap before
{Heap before GC invocations=30 (full 0):
 garbage-first heap   total 167936K, used 138441K [0x0000000080000000, 0x0000000100000000)
  region size 1024K, 55 young (56320K), 8 survivors (8192K)
 Metaspace       used 79392K, committed 80064K, reserved 557056K
  class space    used 10969K, committed 11264K, reserved 425984K
}
Event: 23.578 GC heap after
{Heap after GC invocations=31 (full 0):
 garbage-first heap   total 167936K, used 88461K [0x0000000080000000, 0x0000000100000000)
  region size 1024K, 5 young (5120K), 5 survivors (5120K)
 Metaspace       used 79392K, committed 80064K, reserved 557056K
  class space    used 10969K, committed 11264K, reserved 425984K
}
Event: 24.309 GC heap before
{Heap before GC invocations=31 (full 0):
 garbage-first heap   total 167936K, used 132493K [0x0000000080000000, 0x0000000100000000)
  region size 1024K, 48 young (49152K), 5 survivors (5120K)
 Metaspace       used 82544K, committed 83200K, reserved 557056K
  class space    used 11345K, committed 11648K, reserved 425984K
}
Event: 24.313 GC heap after
{Heap after GC invocations=32 (full 0):
 garbage-first heap   total 167936K, used 91226K [0x0000000080000000, 0x0000000100000000)
  region size 1024K, 3 young (3072K), 3 survivors (3072K)
 Metaspace       used 82544K, committed 83200K, reserved 557056K
  class space    used 11345K, committed 11648K, reserved 425984K
}
Event: 24.876 GC heap before
{Heap before GC invocations=32 (full 0):
 garbage-first heap   total 167936K, used 135258K [0x0000000080000000, 0x0000000100000000)
  region size 1024K, 46 young (47104K), 3 survivors (3072K)
 Metaspace       used 85121K, committed 85824K, reserved 557056K
  class space    used 11720K, committed 12032K, reserved 425984K
}
Event: 24.880 GC heap after
{Heap after GC invocations=33 (full 0):
 garbage-first heap   total 167936K, used 93305K [0x0000000080000000, 0x0000000100000000)
  region size 1024K, 5 young (5120K), 5 survivors (5120K)
 Metaspace       used 85121K, committed 85824K, reserved 557056K
  class space    used 11720K, committed 12032K, reserved 425984K
}

